# JRE version: OpenJDK Runtime Environment (8.0_152-b01) (build 1.8.0_152-release-915-b01)
# Java VM: OpenJDK 64-Bit Server VM (25.152-b01 mixed mode windows-amd64 compressed oops)
Heap:
 PSYoungGen      total 301568K, used 77021K [0x00000000e0000000, 0x00000000f9300000, 0x0000000100000000)
  eden space 229376K, 10% used [0x00000000e0000000,0x00000000e17a5780,0x00000000ee000000)
  from space 72192K, 73% used [0x00000000ee000000,0x00000000f1391d10,0x00000000f2680000)
  to   space 62464K, 0% used [0x00000000f2680000,0x00000000f2680000,0x00000000f6380000)
 ParOldGen       total 165888K, used 108967K [0x00000000a0000000, 0x00000000aa200000, 0x00000000e0000000)
  object space 165888K, 65% used [0x00000000a0000000,0x00000000a6a69c10,0x00000000aa200000)
 Metaspace       used 79582K, capacity 83640K, committed 83672K, reserved 1122304K
  class space    used 10289K, capacity 11248K, committed 11264K, reserved 1048576K
GC Heap History (10 events):
Event: 638.361 GC heap before
{Heap before GC invocations=22 (full 3):
 PSYoungGen      total 212992K, used 212977K [0x00000000e0000000, 0x00000000f0e80000, 0x0000000100000000)
  eden space 184320K, 100% used [0x00000000e0000000,0x00000000eb400000,0x00000000eb400000)
  from space 28672K, 99% used [0x00000000edc00000,0x00000000ef7fc660,0x00000000ef800000)
  to   space 40960K, 0% used [0x00000000eb400000,0x00000000eb400000,0x00000000edc00000)
 ParOldGen       total 165888K, used 73473K [0x00000000a0000000, 0x00000000aa200000, 0x00000000e0000000)
  object space 165888K, 44% used [0x00000000a0000000,0x00000000a47c0478,0x00000000aa200000)
 Metaspace       used 76200K, capacity 79590K, committed 79832K, reserved 1118208K
  class space    used 9902K, capacity 10709K, committed 10752K, reserved 1048576K
Event: 638.380 GC heap after
Heap after GC invocations=22 (full 3):
 PSYoungGen      total 225280K, used 28625K [0x00000000e0000000, 0x00000000f2680000, 0x0000000100000000)
  eden space 184320K, 0% used [0x00000000e0000000,0x00000000e0000000,0x00000000eb400000)
  from space 40960K, 69% used [0x00000000eb400000,0x00000000ecff4628,0x00000000edc00000)
  to   space 43008K, 0% used [0x00000000efc80000,0x00000000efc80000,0x00000000f2680000)
 ParOldGen       total 165888K, used 73737K [0x00000000a0000000, 0x00000000aa200000, 0x00000000e0000000)
  object space 165888K, 44% used [0x00000000a0000000,0x00000000a4802490,0x00000000aa200000)
 Metaspace       used 76200K, capacity 79590K, committed 79832K, reserved 1118208K
  class space    used 9902K, capacity 10709K, committed 10752K, reserved 1048576K
}
Event: 640.425 GC heap before
{Heap before GC invocations=23 (full 3):
 PSYoungGen      total 225280K, used 212945K [0x00000000e0000000, 0x00000000f2680000, 0x0000000100000000)
  eden space 184320K, 100% used [0x00000000e0000000,0x00000000eb400000,0x00000000eb400000)
  from space 40960K, 69% used [0x00000000eb400000,0x00000000ecff4628,0x00000000edc00000)
  to   space 43008K, 0% used [0x00000000efc80000,0x00000000efc80000,0x00000000f2680000)
 ParOldGen       total 165888K, used 73737K [0x00000000a0000000, 0x00000000aa200000, 0x00000000e0000000)
  object space 165888K, 44% used [0x00000000a0000000,0x00000000a4802490,0x00000000aa200000)
 Metaspace       used 78283K, capacity 81920K, committed 82008K, reserved 1120256K
  class space    used 10218K, capacity 11086K, committed 11136K, reserved 1048576K
Event: 640.451 GC heap after
Heap after GC invocations=23 (full 3):
 PSYoungGen      total 253952K, used 37653K [0x00000000e0000000, 0x00000000f2e00000, 0x0000000100000000)
  eden space 210944K, 0% used [0x00000000e0000000,0x00000000e0000000,0x00000000ece00000)
  from space 43008K, 87% used [0x00000000efc80000,0x00000000f2145780,0x00000000f2680000)
  to   space 47616K, 0% used [0x00000000ece00000,0x00000000ece00000,0x00000000efc80000)
 ParOldGen       total 165888K, used 73745K [0x00000000a0000000, 0x00000000aa200000, 0x00000000e0000000)
  object space 165888K, 44% used [0x00000000a0000000,0x00000000a4804490,0x00000000aa200000)
 Metaspace       used 78283K, capacity 81920K, committed 82008K, reserved 1120256K
  class space    used 10218K, capacity 11086K, committed 11136K, reserved 1048576K
}
Event: 976.906 GC heap before
{Heap before GC invocations=24 (full 3):
 PSYoungGen      total 253952K, used 248597K [0x00000000e0000000, 0x00000000f2e00000, 0x0000000100000000)
  eden space 210944K, 100% used [0x00000000e0000000,0x00000000ece00000,0x00000000ece00000)
  from space 43008K, 87% used [0x00000000efc80000,0x00000000f2145780,0x00000000f2680000)
  to   space 47616K, 0% used [0x00000000ece00000,0x00000000ece00000,0x00000000efc80000)
 ParOldGen       total 165888K, used 73745K [0x00000000a0000000, 0x00000000aa200000, 0x00000000e0000000)
  object space 165888K, 44% used [0x00000000a0000000,0x00000000a4804490,0x00000000aa200000)
 Metaspace       used 79282K, capacity 83282K, committed 83416K, reserved 1122304K
  class space    used 10275K, capacity 11203K, committed 11264K, reserved 1048576K
Event: 976.936 GC heap after
Heap after GC invocations=24 (full 3):
 PSYoungGen      total 258560K, used 47612K [0x00000000e0000000, 0x00000000f6380000, 0x0000000100000000)
  eden space 210944K, 0% used [0x00000000e0000000,0x00000000e0000000,0x00000000ece00000)
  from space 47616K, 99% used [0x00000000ece00000,0x00000000efc7f110,0x00000000efc80000)
  to   space 62464K, 0% used [0x00000000f2680000,0x00000000f2680000,0x00000000f6380000)
 ParOldGen       total 165888K, used 93529K [0x00000000a0000000, 0x00000000aa200000, 0x00000000e0000000)
  object space 165888K, 56% used [0x00000000a0000000,0x00000000a5b56730,0x00000000aa200000)
 Metaspace       used 79282K, capacity 83282K, committed 83416K, reserved 1122304K
  class space    used 10275K, capacity 11203K, committed 11264K, reserved 1048576K
}
Event: 977.173 GC heap before
{Heap before GC invocations=25 (full 3):
 PSYoungGen      total 258560K, used 258556K [0x00000000e0000000, 0x00000000f6380000, 0x0000000100000000)
  eden space 210944K, 100% used [0x00000000e0000000,0x00000000ece00000,0x00000000ece00000)
  from space 47616K, 99% used [0x00000000ece00000,0x00000000efc7f110,0x00000000efc80000)
  to   space 62464K, 0% used [0x00000000f2680000,0x00000000f2680000,0x00000000f6380000)
 ParOldGen       total 165888K, used 93529K [0x00000000a0000000, 0x00000000aa200000, 0x00000000e0000000)
  object space 165888K, 56% used [0x00000000a0000000,0x00000000a5b56730,0x00000000aa200000)
 Metaspace       used 79290K, capacity 83282K, committed 83416K, reserved 1122304K
  class space    used 10275K, capacity 11203K, committed 11264K, reserved 1048576K
Event: 977.227 GC heap after
Heap after GC invocations=25 (full 3):
 PSYoungGen      total 291840K, used 60752K [0x00000000e0000000, 0x00000000f9300000, 0x0000000100000000)
  eden space 229376K, 0% used [0x00000000e0000000,0x00000000e0000000,0x00000000ee000000)
  from space 62464K, 97% used [0x00000000f2680000,0x00000000f61d4358,0x00000000f6380000)
  to   space 72192K, 0% used [0x00000000ee000000,0x00000000ee000000,0x00000000f2680000)
 ParOldGen       total 165888K, used 108959K [0x00000000a0000000, 0x00000000aa200000, 0x00000000e0000000)
  object space 165888K, 65% used [0x00000000a0000000,0x00000000a6a67c10,0x00000000aa200000)
 Metaspace       used 79290K, capacity 83282K, committed 83416K, reserved 1122304K
  class space    used 10275K, capacity 11203K, committed 11264K, reserved 1048576K
}
Event: 1331.387 GC heap before
{Heap before GC invocations=26 (full 3):
 PSYoungGen      total 291840K, used 290128K [0x00000000e0000000, 0x00000000f9300000, 0x0000000100000000)
  eden space 229376K, 100% used [0x00000000e0000000,0x00000000ee000000,0x00000000ee000000)
  from space 62464K, 97% used [0x00000000f2680000,0x00000000f61d4358,0x00000000f6380000)
  to   space 72192K, 0% used [0x00000000ee000000,0x00000000ee000000,0x00000000f2680000)
 ParOldGen       total 165888K, used 108959K [0x00000000a0000000, 0x00000000aa200000, 0x00000000e0000000)
  object space 165888K, 65% used [0x00000000a0000000,0x00000000a6a67c10,0x00000000aa200000)
 Metaspace       used 79537K, capacity 83560K, committed 83672K, reserved 1122304K
  class space    used 10289K, capacity 11248K, committed 11264K, reserved 1048576K
Event: 1331.416 GC heap after
Heap after GC invocations=26 (full 3):
 PSYoungGen      total 301568K, used 52807K [0x00000000e0000000, 0x00000000f9300000, 0x0000000100000000)
  eden space 229376K, 0% used [0x00000000e0000000,0x00000000e0000000,0x00000000ee000000)
  from space 72192K, 73% used [0x00000000ee000000,0x00000000f1391d10,0x00000000f2680000)
  to   space 62464K, 0% used [0x00000000f2680000,0x00000000f2680000,0x00000000f6380000)
 ParOldGen       total 165888K, used 108967K [0x00000000a0000000, 0x00000000aa200000, 0x00000000e0000000)
  object space 165888K, 65% used [0x00000000a0000000,0x00000000a6a69c10,0x00000000aa200000)
 Metaspace       used 79537K, capacity 83560K, committed 83672K, reserved 1122304K
  class space    used 10289K, capacity 11248K, committed 11264K, reserved 1048576K
}

