# JRE version: OpenJDK Runtime Environment (8.0_152-b01) (build 1.8.0_152-release-915-b01)
# Java VM: OpenJDK 64-Bit Server VM (25.152-b01 mixed mode windows-amd64 compressed oops)
Heap:
 PSYoungGen      total 229376K, used 151867K [0x00000000e0000000, 0x00000000f0a80000, 0x0000000100000000)
  eden space 213504K, 63% used [0x00000000e0000000,0x00000000e854aba0,0x00000000ed080000)
  from space 15872K, 96% used [0x00000000efb00000,0x00000000f0a04300,0x00000000f0a80000)
  to   space 26112K, 0% used [0x00000000ed780000,0x00000000ed780000,0x00000000ef100000)
 ParOldGen       total 166400K, used 50514K [0x00000000a0000000, 0x00000000aa280000, 0x00000000e0000000)
  object space 166400K, 30% used [0x00000000a0000000,0x00000000a3154ad8,0x00000000aa280000)
 Metaspace       used 63893K, capacity 67064K, committed 67092K, reserved 1107968K
  class space    used 8475K, capacity 9256K, committed 9276K, reserved 1048576K
GC Heap History (10 events):
Event: 10.303 GC heap before
{Heap before GC invocations=11 (full 2):
 PSYoungGen      total 147456K, used 145870K [0x00000000e0000000, 0x00000000eab00000, 0x0000000100000000)
  eden space 135168K, 100% used [0x00000000e0000000,0x00000000e8400000,0x00000000e8400000)
  from space 12288K, 87% used [0x00000000e9100000,0x00000000e9b73af0,0x00000000e9d00000)
  to   space 13312K, 0% used [0x00000000e8400000,0x00000000e8400000,0x00000000e9100000)
 ParOldGen       total 103936K, used 16818K [0x00000000a0000000, 0x00000000a6580000, 0x00000000e0000000)
  object space 103936K, 16% used [0x00000000a0000000,0x00000000a106c840,0x00000000a6580000)
 Metaspace       used 50028K, capacity 51576K, committed 51672K, reserved 1093632K
  class space    used 6718K, capacity 7150K, committed 7168K, reserved 1048576K
Event: 10.316 GC heap after
Heap after GC invocations=11 (full 2):
 PSYoungGen      total 148480K, used 13280K [0x00000000e0000000, 0x00000000eca80000, 0x0000000100000000)
  eden space 135168K, 0% used [0x00000000e0000000,0x00000000e0000000,0x00000000e8400000)
  from space 13312K, 99% used [0x00000000e8400000,0x00000000e90f82d0,0x00000000e9100000)
  to   space 15872K, 0% used [0x00000000ebb00000,0x00000000ebb00000,0x00000000eca80000)
 ParOldGen       total 103936K, used 19897K [0x00000000a0000000, 0x00000000a6580000, 0x00000000e0000000)
  object space 103936K, 19% used [0x00000000a0000000,0x00000000a136e5d0,0x00000000a6580000)
 Metaspace       used 50028K, capacity 51576K, committed 51672K, reserved 1093632K
  class space    used 6718K, capacity 7150K, committed 7168K, reserved 1048576K
}
Event: 11.489 GC heap before
{Heap before GC invocations=12 (full 2):
 PSYoungGen      total 148480K, used 148448K [0x00000000e0000000, 0x00000000eca80000, 0x0000000100000000)
  eden space 135168K, 100% used [0x00000000e0000000,0x00000000e8400000,0x00000000e8400000)
  from space 13312K, 99% used [0x00000000e8400000,0x00000000e90f82d0,0x00000000e9100000)
  to   space 15872K, 0% used [0x00000000ebb00000,0x00000000ebb00000,0x00000000eca80000)
 ParOldGen       total 103936K, used 19897K [0x00000000a0000000, 0x00000000a6580000, 0x00000000e0000000)
  object space 103936K, 19% used [0x00000000a0000000,0x00000000a136e5d0,0x00000000a6580000)
 Metaspace       used 53791K, capacity 55708K, committed 55896K, reserved 1097728K
  class space    used 7307K, capacity 7790K, committed 7808K, reserved 1048576K
Event: 11.544 GC heap after
Heap after GC invocations=12 (full 2):
 PSYoungGen      total 185856K, used 15845K [0x00000000e0000000, 0x00000000edd80000, 0x0000000100000000)
  eden space 169984K, 0% used [0x00000000e0000000,0x00000000e0000000,0x00000000ea600000)
  from space 15872K, 99% used [0x00000000ebb00000,0x00000000eca794d0,0x00000000eca80000)
  to   space 21504K, 0% used [0x00000000ea600000,0x00000000ea600000,0x00000000ebb00000)
 ParOldGen       total 103936K, used 30136K [0x00000000a0000000, 0x00000000a6580000, 0x00000000e0000000)
  object space 103936K, 28% used [0x00000000a0000000,0x00000000a1d6e020,0x00000000a6580000)
 Metaspace       used 53791K, capacity 55708K, committed 55896K, reserved 1097728K
  class space    used 7307K, capacity 7790K, committed 7808K, reserved 1048576K
}
Event: 13.288 GC heap before
{Heap before GC invocations=13 (full 2):
 PSYoungGen      total 185856K, used 111325K [0x00000000e0000000, 0x00000000edd80000, 0x0000000100000000)
  eden space 169984K, 56% used [0x00000000e0000000,0x00000000e5d3e268,0x00000000ea600000)
  from space 15872K, 99% used [0x00000000ebb00000,0x00000000eca794d0,0x00000000eca80000)
  to   space 21504K, 0% used [0x00000000ea600000,0x00000000ea600000,0x00000000ebb00000)
 ParOldGen       total 103936K, used 30136K [0x00000000a0000000, 0x00000000a6580000, 0x00000000e0000000)
  object space 103936K, 28% used [0x00000000a0000000,0x00000000a1d6e020,0x00000000a6580000)
 Metaspace       used 56647K, capacity 58974K, committed 59028K, reserved 1099776K
  class space    used 7723K, capacity 8327K, committed 8380K, reserved 1048576K
Event: 13.324 GC heap after
Heap after GC invocations=13 (full 2):
 PSYoungGen      total 191488K, used 21485K [0x00000000e0000000, 0x00000000f1480000, 0x0000000100000000)
  eden space 169984K, 0% used [0x00000000e0000000,0x00000000e0000000,0x00000000ea600000)
  from space 21504K, 99% used [0x00000000ea600000,0x00000000ebafb500,0x00000000ebb00000)
  to   space 26112K, 0% used [0x00000000efb00000,0x00000000efb00000,0x00000000f1480000)
 ParOldGen       total 103936K, used 34629K [0x00000000a0000000, 0x00000000a6580000, 0x00000000e0000000)
  object space 103936K, 33% used [0x00000000a0000000,0x00000000a21d16b0,0x00000000a6580000)
 Metaspace       used 56647K, capacity 58974K, committed 59028K, reserved 1099776K
  class space    used 7723K, capacity 8327K, committed 8380K, reserved 1048576K
}
Event: 13.324 GC heap before
{Heap before GC invocations=14 (full 3):
 PSYoungGen      total 191488K, used 21485K [0x00000000e0000000, 0x00000000f1480000, 0x0000000100000000)
  eden space 169984K, 0% used [0x00000000e0000000,0x00000000e0000000,0x00000000ea600000)
  from space 21504K, 99% used [0x00000000ea600000,0x00000000ebafb500,0x00000000ebb00000)
  to   space 26112K, 0% used [0x00000000efb00000,0x00000000efb00000,0x00000000f1480000)
 ParOldGen       total 103936K, used 34629K [0x00000000a0000000, 0x00000000a6580000, 0x00000000e0000000)
  object space 103936K, 33% used [0x00000000a0000000,0x00000000a21d16b0,0x00000000a6580000)
 Metaspace       used 56647K, capacity 58974K, committed 59028K, reserved 1099776K
  class space    used 7723K, capacity 8327K, committed 8380K, reserved 1048576K
Event: 13.577 GC heap after
Heap after GC invocations=14 (full 3):
 PSYoungGen      total 191488K, used 0K [0x00000000e0000000, 0x00000000f1480000, 0x0000000100000000)
  eden space 169984K, 0% used [0x00000000e0000000,0x00000000e0000000,0x00000000ea600000)
  from space 21504K, 0% used [0x00000000ea600000,0x00000000ea600000,0x00000000ebb00000)
  to   space 26112K, 0% used [0x00000000efb00000,0x00000000efb00000,0x00000000f1480000)
 ParOldGen       total 166400K, used 50506K [0x00000000a0000000, 0x00000000aa280000, 0x00000000e0000000)
  object space 166400K, 30% used [0x00000000a0000000,0x00000000a3152ad8,0x00000000aa280000)
 Metaspace       used 56647K, capacity 58974K, committed 59028K, reserved 1099776K
  class space    used 7723K, capacity 8327K, committed 8380K, reserved 1048576K
}
Event: 25.544 GC heap before
{Heap before GC invocations=15 (full 3):
 PSYoungGen      total 191488K, used 169984K [0x00000000e0000000, 0x00000000f1480000, 0x0000000100000000)
  eden space 169984K, 100% used [0x00000000e0000000,0x00000000ea600000,0x00000000ea600000)
  from space 21504K, 0% used [0x00000000ea600000,0x00000000ea600000,0x00000000ebb00000)
  to   space 26112K, 0% used [0x00000000efb00000,0x00000000efb00000,0x00000000f1480000)
 ParOldGen       total 166400K, used 50506K [0x00000000a0000000, 0x00000000aa280000, 0x00000000e0000000)
  object space 166400K, 30% used [0x00000000a0000000,0x00000000a3152ad8,0x00000000aa280000)
 Metaspace       used 62872K, capacity 65802K, committed 65940K, reserved 1105920K
  class space    used 8390K, capacity 9113K, committed 9148K, reserved 1048576K
Event: 25.563 GC heap after
Heap after GC invocations=15 (full 3):
 PSYoungGen      total 229376K, used 15376K [0x00000000e0000000, 0x00000000f0a80000, 0x0000000100000000)
  eden space 213504K, 0% used [0x00000000e0000000,0x00000000e0000000,0x00000000ed080000)
  from space 15872K, 96% used [0x00000000efb00000,0x00000000f0a04300,0x00000000f0a80000)
  to   space 26112K, 0% used [0x00000000ed780000,0x00000000ed780000,0x00000000ef100000)
 ParOldGen       total 166400K, used 50514K [0x00000000a0000000, 0x00000000aa280000, 0x00000000e0000000)
  object space 166400K, 30% used [0x00000000a0000000,0x00000000a3154ad8,0x00000000aa280000)
 Metaspace       used 62872K, capacity 65802K, committed 65940K, reserved 1105920K
  class space    used 8390K, capacity 9113K, committed 9148K, reserved 1048576K
}

