# JRE version: OpenJDK Runtime Environment (8.0_152-b01) (build 1.8.0_152-release-915-b01)
# Java VM: OpenJDK 64-Bit Server VM (25.152-b01 mixed mode windows-amd64 compressed oops)
Heap:
 PSYoungGen      total 345600K, used 169118K [0x00000000e0000000, 0x00000000f8d00000, 0x0000000100000000)
  eden space 298496K, 44% used [0x00000000e0000000,0x00000000e8094188,0x00000000f2380000)
  from space 47104K, 79% used [0x00000000f5580000,0x00000000f7a13910,0x00000000f8380000)
  to   space 51200K, 0% used [0x00000000f2380000,0x00000000f2380000,0x00000000f5580000)
 ParOldGen       total 161792K, used 83121K [0x00000000a0000000, 0x00000000a9e00000, 0x00000000e0000000)
  object space 161792K, 51% used [0x00000000a0000000,0x00000000a512c5e0,0x00000000a9e00000)
 Metaspace       used 71806K, capacity 74466K, committed 74584K, reserved 1114112K
  class space    used 9149K, capacity 9766K, committed 9856K, reserved 1048576K
GC Heap History (10 events):
Event: 11.776 GC heap before
{Heap before GC invocations=11 (full 2):
 PSYoungGen      total 214528K, used 149585K [0x00000000e0000000, 0x00000000eed80000, 0x0000000100000000)
  eden space 199168K, 67% used [0x00000000e0000000,0x00000000e8316058,0x00000000ec280000)
  from space 15360K, 99% used [0x00000000ed580000,0x00000000ee47e498,0x00000000ee480000)
  to   space 19456K, 0% used [0x00000000ec280000,0x00000000ec280000,0x00000000ed580000)
 ParOldGen       total 104448K, used 23891K [0x00000000a0000000, 0x00000000a6600000, 0x00000000e0000000)
  object space 104448K, 22% used [0x00000000a0000000,0x00000000a1754fb0,0x00000000a6600000)
 Metaspace       used 56980K, capacity 58862K, committed 59028K, reserved 1099776K
  class space    used 7670K, capacity 8116K, committed 8192K, reserved 1048576K
Event: 11.794 GC heap after
Heap after GC invocations=11 (full 2):
 PSYoungGen      total 218624K, used 19430K [0x00000000e0000000, 0x00000000f2300000, 0x0000000100000000)
  eden space 199168K, 0% used [0x00000000e0000000,0x00000000e0000000,0x00000000ec280000)
  from space 19456K, 99% used [0x00000000ec280000,0x00000000ed579ad0,0x00000000ed580000)
  to   space 25088K, 0% used [0x00000000f0a80000,0x00000000f0a80000,0x00000000f2300000)
 ParOldGen       total 104448K, used 30441K [0x00000000a0000000, 0x00000000a6600000, 0x00000000e0000000)
  object space 104448K, 29% used [0x00000000a0000000,0x00000000a1dba448,0x00000000a6600000)
 Metaspace       used 56980K, capacity 58862K, committed 59028K, reserved 1099776K
  class space    used 7670K, capacity 8116K, committed 8192K, reserved 1048576K
}
Event: 11.794 GC heap before
{Heap before GC invocations=12 (full 3):
 PSYoungGen      total 218624K, used 19430K [0x00000000e0000000, 0x00000000f2300000, 0x0000000100000000)
  eden space 199168K, 0% used [0x00000000e0000000,0x00000000e0000000,0x00000000ec280000)
  from space 19456K, 99% used [0x00000000ec280000,0x00000000ed579ad0,0x00000000ed580000)
  to   space 25088K, 0% used [0x00000000f0a80000,0x00000000f0a80000,0x00000000f2300000)
 ParOldGen       total 104448K, used 30441K [0x00000000a0000000, 0x00000000a6600000, 0x00000000e0000000)
  object space 104448K, 29% used [0x00000000a0000000,0x00000000a1dba448,0x00000000a6600000)
 Metaspace       used 56980K, capacity 58862K, committed 59028K, reserved 1099776K
  class space    used 7670K, capacity 8116K, committed 8192K, reserved 1048576K
Event: 11.964 GC heap after
Heap after GC invocations=12 (full 3):
 PSYoungGen      total 218624K, used 0K [0x00000000e0000000, 0x00000000f2300000, 0x0000000100000000)
  eden space 199168K, 0% used [0x00000000e0000000,0x00000000e0000000,0x00000000ec280000)
  from space 19456K, 0% used [0x00000000ec280000,0x00000000ec280000,0x00000000ed580000)
  to   space 25088K, 0% used [0x00000000f0a80000,0x00000000f0a80000,0x00000000f2300000)
 ParOldGen       total 161792K, used 39441K [0x00000000a0000000, 0x00000000a9e00000, 0x00000000e0000000)
  object space 161792K, 24% used [0x00000000a0000000,0x00000000a2684718,0x00000000a9e00000)
 Metaspace       used 56980K, capacity 58862K, committed 59028K, reserved 1099776K
  class space    used 7670K, capacity 8116K, committed 8192K, reserved 1048576K
}
Event: 16.238 GC heap before
{Heap before GC invocations=13 (full 3):
 PSYoungGen      total 218624K, used 193234K [0x00000000e0000000, 0x00000000f2300000, 0x0000000100000000)
  eden space 199168K, 97% used [0x00000000e0000000,0x00000000ebcb4980,0x00000000ec280000)
  from space 19456K, 0% used [0x00000000ec280000,0x00000000ec280000,0x00000000ed580000)
  to   space 25088K, 0% used [0x00000000f0a80000,0x00000000f0a80000,0x00000000f2300000)
 ParOldGen       total 161792K, used 39441K [0x00000000a0000000, 0x00000000a9e00000, 0x00000000e0000000)
  object space 161792K, 24% used [0x00000000a0000000,0x00000000a2684718,0x00000000a9e00000)
 Metaspace       used 64781K, capacity 66744K, committed 66904K, reserved 1107968K
  class space    used 8354K, capacity 8829K, committed 8832K, reserved 1048576K
Event: 16.268 GC heap after
Heap after GC invocations=13 (full 3):
 PSYoungGen      total 258048K, used 21413K [0x00000000e0000000, 0x00000000f1f80000, 0x0000000100000000)
  eden space 236544K, 0% used [0x00000000e0000000,0x00000000e0000000,0x00000000ee700000)
  from space 21504K, 99% used [0x00000000f0a80000,0x00000000f1f69740,0x00000000f1f80000)
  to   space 27136K, 0% used [0x00000000eea80000,0x00000000eea80000,0x00000000f0500000)
 ParOldGen       total 161792K, used 39705K [0x00000000a0000000, 0x00000000a9e00000, 0x00000000e0000000)
  object space 161792K, 24% used [0x00000000a0000000,0x00000000a26c6730,0x00000000a9e00000)
 Metaspace       used 64781K, capacity 66744K, committed 66904K, reserved 1107968K
  class space    used 8354K, capacity 8829K, committed 8832K, reserved 1048576K
}
Event: 16.846 GC heap before
{Heap before GC invocations=14 (full 3):
 PSYoungGen      total 258048K, used 257957K [0x00000000e0000000, 0x00000000f1f80000, 0x0000000100000000)
  eden space 236544K, 100% used [0x00000000e0000000,0x00000000ee700000,0x00000000ee700000)
  from space 21504K, 99% used [0x00000000f0a80000,0x00000000f1f69740,0x00000000f1f80000)
  to   space 27136K, 0% used [0x00000000eea80000,0x00000000eea80000,0x00000000f0500000)
 ParOldGen       total 161792K, used 39705K [0x00000000a0000000, 0x00000000a9e00000, 0x00000000e0000000)
  object space 161792K, 24% used [0x00000000a0000000,0x00000000a26c6730,0x00000000a9e00000)
 Metaspace       used 65577K, capacity 67524K, committed 67800K, reserved 1107968K
  class space    used 8439K, capacity 8897K, committed 8960K, reserved 1048576K
Event: 16.873 GC heap after
Heap after GC invocations=14 (full 3):
 PSYoungGen      total 267264K, used 27123K [0x00000000e0000000, 0x00000000f8380000, 0x0000000100000000)
  eden space 240128K, 0% used [0x00000000e0000000,0x00000000e0000000,0x00000000eea80000)
  from space 27136K, 99% used [0x00000000eea80000,0x00000000f04fcff0,0x00000000f0500000)
  to   space 47104K, 0% used [0x00000000f5580000,0x00000000f5580000,0x00000000f8380000)
 ParOldGen       total 161792K, used 82857K [0x00000000a0000000, 0x00000000a9e00000, 0x00000000e0000000)
  object space 161792K, 51% used [0x00000000a0000000,0x00000000a50ea5c8,0x00000000a9e00000)
 Metaspace       used 65577K, capacity 67524K, committed 67800K, reserved 1107968K
  class space    used 8439K, capacity 8897K, committed 8960K, reserved 1048576K
}
Event: 18.414 GC heap before
{Heap before GC invocations=15 (full 3):
 PSYoungGen      total 267264K, used 266435K [0x00000000e0000000, 0x00000000f8380000, 0x0000000100000000)
  eden space 240128K, 99% used [0x00000000e0000000,0x00000000ee9b3d18,0x00000000eea80000)
  from space 27136K, 99% used [0x00000000eea80000,0x00000000f04fcff0,0x00000000f0500000)
  to   space 47104K, 0% used [0x00000000f5580000,0x00000000f5580000,0x00000000f8380000)
 ParOldGen       total 161792K, used 82857K [0x00000000a0000000, 0x00000000a9e00000, 0x00000000e0000000)
  object space 161792K, 51% used [0x00000000a0000000,0x00000000a50ea5c8,0x00000000a9e00000)
 Metaspace       used 67529K, capacity 69730K, committed 69848K, reserved 1110016K
  class space    used 8688K, capacity 9200K, committed 9216K, reserved 1048576K
Event: 18.434 GC heap after
Heap after GC invocations=15 (full 3):
 PSYoungGen      total 345600K, used 37454K [0x00000000e0000000, 0x00000000f8d00000, 0x0000000100000000)
  eden space 298496K, 0% used [0x00000000e0000000,0x00000000e0000000,0x00000000f2380000)
  from space 47104K, 79% used [0x00000000f5580000,0x00000000f7a13910,0x00000000f8380000)
  to   space 51200K, 0% used [0x00000000f2380000,0x00000000f2380000,0x00000000f5580000)
 ParOldGen       total 161792K, used 83121K [0x00000000a0000000, 0x00000000a9e00000, 0x00000000e0000000)
  object space 161792K, 51% used [0x00000000a0000000,0x00000000a512c5e0,0x00000000a9e00000)
 Metaspace       used 67529K, capacity 69730K, committed 69848K, reserved 1110016K
  class space    used 8688K, capacity 9200K, committed 9216K, reserved 1048576K
}

